<?xml version="1.0" encoding="UTF-8"?>
<!-- Generated by org.testng.reporters.JUnitXMLReporter -->
<testsuite hostname="Jitenders-MacBook-Air.local" name="Default test" tests="4" failures="0" timestamp="24 Oct 2015 12:00:28 GMT" time="38.092" errors="0">
  <testcase name="amen" time="16.579" classname="test.testappandroid"/>
  <testcase name="bloginbutton" time="0.393" classname="test.testappandroid"/>
  <testcase name="cloginpageitems" time="6.558" classname="test.testappandroid"/>
  <testcase name="eVerify" time="7.958" classname="test.testappandroid"/>
</testsuite> <!-- Default test -->
