<?xml version="1.0" encoding="UTF-8"?>
<!-- Generated by org.testng.reporters.JUnitXMLReporter -->
<testsuite hostname="Jitenders-MacBook-Air.local" name="Default test" tests="3" failures="0" timestamp="24 Oct 2015 09:48:47 GMT" time="28.12" errors="0">
  <testcase name="amen" time="14.273" classname="test.testappandroid"/>
  <testcase name="bloginbutton" time="0.672" classname="test.testappandroid"/>
  <testcase name="loginpageitems" time="5.646" classname="test.testappandroid"/>
</testsuite> <!-- Default test -->
