<?xml version="1.0" encoding="UTF-8"?>
<!-- Generated by org.testng.reporters.JUnitXMLReporter -->
<testsuite hostname="Geek111" name="Test" tests="11" failures="6" timestamp="11 Dec 2015 19:08:12 GMT" time="46.982" errors="0">
  <testcase name="d_opennavigationPane" time="0.015" classname="allpages.General">
    <failure type="org.testng.TestNGException" message="
Can&amp;apos;t invoke public void allpages.General.d_opennavigationPane(): either make it static or add a no-args constructor to your class">
      <![CDATA[org.testng.TestNGException: 
Can't invoke public void allpages.General.d_opennavigationPane(): either make it static or add a no-args constructor to your class
... Removed 21 stack frames]]>
    </failure>
  </testcase> <!-- d_opennavigationPane -->
  <testcase name="swipeLeft" time="0.0" classname="allpages.General">
    <failure type="org.testng.TestNGException" message="
Can&amp;apos;t invoke public void allpages.General.swipeLeft(): either make it static or add a no-args constructor to your class">
      <![CDATA[org.testng.TestNGException: 
Can't invoke public void allpages.General.swipeLeft(): either make it static or add a no-args constructor to your class
... Removed 21 stack frames]]>
    </failure>
  </testcase> <!-- swipeLeft -->
  <testcase name="swipeRight" time="0.0" classname="allpages.General">
    <failure type="org.testng.TestNGException" message="
Can&amp;apos;t invoke public void allpages.General.swipeRight(): either make it static or add a no-args constructor to your class">
      <![CDATA[org.testng.TestNGException: 
Can't invoke public void allpages.General.swipeRight(): either make it static or add a no-args constructor to your class
... Removed 21 stack frames]]>
    </failure>
  </testcase> <!-- swipeRight -->
  <testcase name="waithere10" time="0.0" classname="allpages.General">
    <failure type="org.testng.TestNGException" message="
Can&amp;apos;t invoke public void allpages.General.waithere10(): either make it static or add a no-args constructor to your class">
      <![CDATA[org.testng.TestNGException: 
Can't invoke public void allpages.General.waithere10(): either make it static or add a no-args constructor to your class
... Removed 21 stack frames]]>
    </failure>
  </testcase> <!-- waithere10 -->
  <testcase name="waithere20" time="0.0" classname="allpages.General">
    <failure type="org.testng.TestNGException" message="
Can&amp;apos;t invoke public void allpages.General.waithere20(): either make it static or add a no-args constructor to your class">
      <![CDATA[org.testng.TestNGException: 
Can't invoke public void allpages.General.waithere20(): either make it static or add a no-args constructor to your class
... Removed 21 stack frames]]>
    </failure>
  </testcase> <!-- waithere20 -->
  <testcase name="waithere5" time="0.0" classname="allpages.General">
    <failure type="org.testng.TestNGException" message="
Can&amp;apos;t invoke public void allpages.General.waithere5(): either make it static or add a no-args constructor to your class">
      <![CDATA[org.testng.TestNGException: 
Can't invoke public void allpages.General.waithere5(): either make it static or add a no-args constructor to your class
... Removed 21 stack frames]]>
    </failure>
  </testcase> <!-- waithere5 -->
  <testcase name="testcase_1_1" time="10.267" classname="launch_feature.first_launch"/>
  <testcase name="testcase_1_2" time="7.647" classname="launch_feature.first_launch"/>
  <testcase name="testcase_2" time="6.672" classname="my_information_feature.login"/>
  <testcase name="testcase_3" time="17.469" classname="cart_feature.my_cart"/>
  <testcase name="testcase_4" time="4.807" classname="cart_feature.checkout"/>
</testsuite> <!-- Test -->
