<?xml version="1.0" encoding="UTF-8"?>
<!-- Generated by org.testng.reporters.JUnitXMLReporter -->
<testsuite hostname="DEITY-3015A-103" name="Test" tests="2" failures="2" timestamp="11 Dec 2015 11:43:05 GMT" time="0.031" errors="0">
  <testcase name="testcase_1_1" time="0.015" classname="launch_feature.first_launch">
    <failure type="java.lang.NullPointerException">
      <![CDATA[java.lang.NullPointerException
	at allpages.General.waithere10(General.java:73)
	at launch_feature.first_launch.testcase_1_1(first_launch.java:32)
... Removed 24 stack frames]]>
    </failure>
  </testcase> <!-- testcase_1_1 -->
  <testcase name="testcase_1_2" time="0.0" classname="launch_feature.first_launch">
    <failure type="java.lang.NullPointerException">
      <![CDATA[java.lang.NullPointerException
	at allpages.General.waithere5(General.java:80)
	at launch_feature.first_launch.testcase_1_2(first_launch.java:54)
... Removed 24 stack frames]]>
    </failure>
  </testcase> <!-- testcase_1_2 -->
</testsuite> <!-- Test -->
